<?xml version="1.0" encoding="UTF-8"?>
<!-- Generated by org.testng.reporters.JUnitReportReporter -->
<testsuite hostname="Usmans-MacBook-Air.local" failures="0" tests="3" name="runner.RunnerThree" time="99.851" errors="0" timestamp="2023-05-13T10:14:35 EDT" skipped="0">
  <testcase classname="runner.RunnerThree" name="runScenario" time="34.341"/>
  <system-out/>
  <testcase classname="runner.RunnerThree" name="runScenario" time="41.104"/>
  <system-out/>
  <testcase classname="runner.RunnerThree" name="runScenario" time="24.406"/>
  <system-out/>
</testsuite> <!-- runner.RunnerThree -->
