<?xml version="1.0" encoding="UTF-8"?>
<!-- Generated by org.testng.reporters.JUnitReportReporter -->
<testsuite hostname="Usmans-MacBook-Air.local" failures="0" tests="2" name="runner.LoginPageRunner" time="53.289" errors="0" timestamp="2023-05-20T11:11:09 EDT" skipped="0">
  <testcase classname="runner.LoginPageRunner" name="runScenario" time="19.697"/>
  <system-out/>
  <testcase classname="runner.LoginPageRunner" name="runScenario" time="33.592"/>
  <system-out/>
</testsuite> <!-- runner.LoginPageRunner -->
