<?xml version="1.0" encoding="UTF-8"?>
<!-- Generated by org.testng.reporters.JUnitReportReporter -->
<testsuite hostname="Usmans-MacBook-Air.local" failures="0" tests="3" name="runner.RunnerTwo" time="100.432" errors="0" timestamp="2023-05-13T10:14:35 EDT" skipped="0">
  <testcase classname="runner.RunnerTwo" name="runScenario" time="41.105"/>
  <system-out/>
  <testcase classname="runner.RunnerTwo" name="runScenario" time="34.313"/>
  <system-out/>
  <testcase classname="runner.RunnerTwo" name="runScenario" time="25.014"/>
  <system-out/>
</testsuite> <!-- runner.RunnerTwo -->
