<?xml version="1.0" encoding="UTF-8"?>
<!-- Generated by org.testng.reporters.JUnitReportReporter -->
<testsuite hostname="Usmans-MacBook-Air.local" failures="0" tests="3" name="runner.LoginPageRunner" time="100.081" errors="0" timestamp="2023-05-13T10:14:35 EDT" skipped="0">
  <testcase classname="runner.LoginPageRunner" name="runScenario" time="24.437"/>
  <system-out/>
  <testcase classname="runner.LoginPageRunner" name="runScenario" time="34.539"/>
  <system-out/>
  <testcase classname="runner.LoginPageRunner" name="runScenario" time="41.105"/>
  <system-out/>
</testsuite> <!-- runner.LoginPageRunner -->
